[Jan 17 15:28:55] ==========
[Jan 17 15:28:55] ==========
[Jan 17 15:28:55] Started with a total count of 528.
[Jan 17 15:28:55] Started with a total count of 528.
[Jan 17 15:28:56] ==========
[Jan 17 15:28:56] Started with a total count of 528.
[Jan 17 15:29:06] ==========
[Jan 17 15:29:06] Started with a total count of 528.
[Jan 17 15:29:06] ==========
[Jan 17 15:29:07] Started with a total count of 528.
[Jan 17 15:29:08] ==========
[Jan 17 15:29:08] Started with a total count of 528.
[Jan 17 15:29:10] Image ID: 584 has an issue.
[Jan 17 15:29:13] Image ID: 582 has been offloaded.
[Jan 17 15:29:16] Image ID: 581 has been offloaded.
[Jan 17 15:29:17] ==========
[Jan 17 15:29:18] Started with a total count of 525.
[Jan 17 15:29:19] ==========
[Jan 17 15:29:19] Started with a total count of 525.
[Jan 17 15:29:20] Image ID: 580 has been offloaded.
[Jan 17 15:29:24] Image ID: 579 has been offloaded.
[Jan 17 15:29:29] ==========
[Jan 17 15:29:29] Started with a total count of 523.
[Jan 17 15:29:29] Image ID: 578 has been offloaded.
[Jan 17 15:29:29] ==========
[Jan 17 15:29:30] Started with a total count of 522.
[Jan 17 15:29:30] Image ID: 577 has an issue.
[Jan 17 15:29:34] Image ID: 576 has been offloaded.
[Jan 17 15:29:38] Image ID: 575 has been offloaded.
[Jan 17 15:29:40] ==========
[Jan 17 15:29:40] Started with a total count of 519.
[Jan 17 15:29:41] ==========
[Jan 17 15:29:41] Started with a total count of 519.
[Jan 17 15:29:41] Image ID: 574 has been offloaded.
[Jan 17 15:29:45] Image ID: 573 has been offloaded.
[Jan 17 15:29:48] Image ID: 572 has been offloaded.
[Jan 17 15:29:51] ==========
[Jan 17 15:29:51] Started with a total count of 516.
[Jan 17 15:29:52] Image ID: 571 has been offloaded.
[Jan 17 15:29:52] ==========
[Jan 17 15:29:52] Started with a total count of 515.
[Jan 17 15:29:53] Image ID: 570 has an issue.
[Jan 17 15:29:56] Image ID: 568 has been offloaded.
[Jan 17 15:29:59] ==========
[Jan 17 15:29:59] Started with a total count of 513.
[Jan 17 15:30:00] Image ID: 567 has been offloaded.
[Jan 17 15:30:01] Image ID: 566 has an issue.
[Jan 17 15:30:02] ==========
[Jan 17 15:30:02] Started with a total count of 511.
[Jan 17 15:30:03] ==========
[Jan 17 15:30:03] Started with a total count of 511.
[Jan 17 15:30:04] Image ID: 564 has been offloaded.
[Jan 17 15:30:08] Image ID: 563 has been offloaded.
[Jan 17 15:30:11] Image ID: 562 has been offloaded.
[Jan 17 15:30:13] ==========
[Jan 17 15:30:13] Started with a total count of 508.
[Jan 17 15:30:14] ==========
[Jan 17 15:30:14] Started with a total count of 508.
[Jan 17 15:30:15] ==========
[Jan 17 15:30:15] Started with a total count of 508.
[Jan 17 15:30:15] Image ID: 561 has an issue.
[Jan 17 15:30:18] Image ID: 560 has been offloaded.
[Jan 17 15:30:22] Image ID: 559 has been offloaded.
[Jan 17 15:30:24] ==========
[Jan 17 15:30:25] Started with a total count of 505.
[Jan 17 15:30:25] ==========
[Jan 17 15:30:26] Image ID: 558 has been offloaded.
[Jan 17 15:30:26] Started with a total count of 505.
[Jan 17 15:30:29] Image ID: 557 has been offloaded.
[Jan 17 15:30:33] Image ID: 556 has been offloaded.
[Jan 17 15:30:35] ==========
[Jan 17 15:30:36] Started with a total count of 502.
[Jan 17 15:30:36] Image ID: 555 has been offloaded.
[Jan 17 15:30:36] ==========
[Jan 17 15:30:37] Started with a total count of 501.
[Jan 17 15:30:40] Image ID: 554 has been offloaded.
[Jan 17 15:30:43] Image ID: 553 has been offloaded.
[Jan 17 15:30:46] ==========
[Jan 17 15:30:47] Image ID: 552 has been offloaded.
[Jan 17 15:30:47] Started with a total count of 499.
[Jan 17 15:30:47] ==========
[Jan 17 15:30:48] Started with a total count of 498.
[Jan 17 15:30:50] Image ID: 551 has been offloaded.
[Jan 17 15:30:53] Image ID: 550 has been offloaded.
[Jan 17 15:30:57] Image ID: 549 has been offloaded.
[Jan 17 15:30:58] ==========
[Jan 17 15:30:58] Started with a total count of 495.
[Jan 17 15:30:58] ==========
[Jan 17 15:30:59] Started with a total count of 495.
[Jan 17 15:31:02] Image ID: 548 has been offloaded.
[Jan 17 15:31:05] Image ID: 547 has been offloaded.
[Jan 17 15:31:08] ==========
[Jan 17 15:31:09] Started with a total count of 493.
[Jan 17 15:31:09] Image ID: 546 has been offloaded.
[Jan 17 15:31:09] ==========
[Jan 17 15:31:10] Started with a total count of 492.
[Jan 17 15:31:12] Image ID: 545 has been offloaded.
[Jan 17 15:31:16] Image ID: 544 has been offloaded.
[Jan 17 15:31:19] Image ID: 543 has been offloaded.
[Jan 17 15:31:20] ==========
[Jan 17 15:31:20] Started with a total count of 489.
[Jan 17 15:31:20] Image ID: 542 has an issue.
[Jan 17 15:31:21] ==========
[Jan 17 15:31:21] Started with a total count of 488.
[Jan 17 15:31:22] ==========
[Jan 17 15:31:22] Started with a total count of 488.
[Jan 17 15:31:25] Image ID: 540 has been offloaded.
[Jan 17 15:31:29] Image ID: 539 has been offloaded.
[Jan 17 15:31:30] Image ID: 538 has an issue.
[Jan 17 15:31:32] ==========
[Jan 17 15:31:32] Started with a total count of 485.
[Jan 17 15:31:33] ==========
[Jan 17 15:31:33] Started with a total count of 485.
[Jan 17 15:31:34] Image ID: 536 has been offloaded.
[Jan 17 15:31:37] Image ID: 535 has been offloaded.
[Jan 17 15:31:41] Image ID: 534 has been offloaded.
[Jan 17 15:31:43] ==========
[Jan 17 15:31:43] Started with a total count of 482.
[Jan 17 15:31:43] ==========
[Jan 17 15:31:44] Started with a total count of 482.
[Jan 17 15:31:45] Image ID: 533 has been offloaded.
[Jan 17 15:31:49] Image ID: 532 has been offloaded.
[Jan 17 15:31:50] Image ID: 531 has an issue.
[Jan 17 15:31:54] ==========
[Jan 17 15:31:54] Started with a total count of 479.
[Jan 17 15:31:54] ==========
[Jan 17 15:31:55] Image ID: 530 has been offloaded.
[Jan 17 15:31:55] Started with a total count of 479.
[Jan 17 15:31:58] Image ID: 529 has been offloaded.
[Jan 17 15:31:59] ==========
[Jan 17 15:32:00] Started with a total count of 477.
[Jan 17 15:32:02] Image ID: 528 has been offloaded.
[Jan 17 15:32:05] ==========
[Jan 17 15:32:05] Started with a total count of 476.
[Jan 17 15:32:06] ==========
[Jan 17 15:32:06] Started with a total count of 476.
[Jan 17 15:32:06] Image ID: 527 has been offloaded.
[Jan 17 15:32:09] Image ID: 526 has been offloaded.
[Jan 17 15:32:12] Image ID: 525 has been offloaded.
[Jan 17 15:32:15] ==========
[Jan 17 15:32:16] Image ID: 524 has been offloaded.
[Jan 17 15:32:16] Started with a total count of 473.
[Jan 17 15:32:16] ==========
[Jan 17 15:32:17] Started with a total count of 472.
[Jan 17 15:32:19] Image ID: 523 has been offloaded.
[Jan 17 15:32:23] Image ID: 522 has been offloaded.
[Jan 17 15:32:26] ==========
[Jan 17 15:32:26] Image ID: 521 has been offloaded.
[Jan 17 15:32:27] Started with a total count of 470.
[Jan 17 15:32:27] ==========
[Jan 17 15:32:27] Started with a total count of 469.
[Jan 17 15:32:28] ==========
[Jan 17 15:32:28] Started with a total count of 469.
[Jan 17 15:32:30] Image ID: 520 has been offloaded.
[Jan 17 15:32:30] Image ID: 520 has been offloaded.
[Jan 17 15:32:34] Image ID: 519 has been offloaded.
[Jan 17 15:32:37] Image ID: 518 has been offloaded.
[Jan 17 15:32:38] ==========
[Jan 17 15:32:39] Started with a total count of 466.
[Jan 17 15:32:40] ==========
[Jan 17 15:32:40] Started with a total count of 466.
[Jan 17 15:32:41] Image ID: 517 has been offloaded.
[Jan 17 15:32:42] Image ID: 516 has an issue.
[Jan 17 15:32:45] Image ID: 514 has been offloaded.
[Jan 17 15:32:49] Image ID: 513 has been offloaded.
[Jan 17 15:32:49] ==========
[Jan 17 15:32:50] Started with a total count of 462.
[Jan 17 15:32:50] ==========
[Jan 17 15:32:51] Started with a total count of 462.
[Jan 17 15:32:52] Image ID: 512 has been offloaded.
[Jan 17 15:32:56] Image ID: 511 has been offloaded.
[Jan 17 15:33:00] Image ID: 510 has been offloaded.
[Jan 17 15:33:00] ==========
[Jan 17 15:33:01] Started with a total count of 459.
[Jan 17 15:33:01] ==========
[Jan 17 15:33:02] Started with a total count of 459.
[Jan 17 15:33:03] Image ID: 509 has been offloaded.
[Jan 17 15:33:07] Image ID: 508 has been offloaded.
[Jan 17 15:33:10] Image ID: 507 has been offloaded.
[Jan 17 15:33:12] ==========
[Jan 17 15:33:12] Started with a total count of 456.
[Jan 17 15:33:12] ==========
[Jan 17 15:33:13] Started with a total count of 456.
[Jan 17 15:33:14] Image ID: 506 has been offloaded.
[Jan 17 15:33:19] Image ID: 505 has been offloaded.
[Jan 17 15:33:22] Image ID: 504 has been offloaded.
[Jan 17 15:33:22] ==========
[Jan 17 15:33:23] Started with a total count of 453.
[Jan 17 15:33:24] ==========
[Jan 17 15:33:24] Started with a total count of 453.
[Jan 17 15:33:26] Image ID: 503 has been offloaded.
[Jan 17 15:33:29] Image ID: 502 has been offloaded.
[Jan 17 15:33:33] Image ID: 501 has been offloaded.
[Jan 17 15:33:34] ==========
[Jan 17 15:33:34] Started with a total count of 450.
[Jan 17 15:33:34] Image ID: 500 has an issue.
[Jan 17 15:33:35] ==========
[Jan 17 15:33:35] Started with a total count of 449.
[Jan 17 15:33:36] ==========
[Jan 17 15:33:36] Started with a total count of 449.
[Jan 17 15:33:38] Image ID: 498 has been offloaded.
[Jan 17 15:33:42] Image ID: 497 has been offloaded.
[Jan 17 15:33:45] Image ID: 496 has been offloaded.
[Jan 17 15:33:46] ==========
[Jan 17 15:33:46] Started with a total count of 446.
[Jan 17 15:33:47] ==========
[Jan 17 15:33:47] Started with a total count of 446.
[Jan 17 15:33:48] Image ID: 495 has been offloaded.
[Jan 17 15:33:52] Image ID: 494 has been offloaded.
[Jan 17 15:33:56] Image ID: 493 has been offloaded.
[Jan 17 15:33:56] ==========
[Jan 17 15:33:57] Started with a total count of 443.
[Jan 17 15:33:58] ==========
[Jan 17 15:33:58] Started with a total count of 443.
[Jan 17 15:33:59] Image ID: 492 has been offloaded.
[Jan 17 15:34:00] ==========
[Jan 17 15:34:00] Started with a total count of 442.
[Jan 17 15:34:03] Image ID: 491 has been offloaded.
[Jan 17 15:34:04] Image ID: 490 has an issue.
[Jan 17 15:34:07] Image ID: 488 has been offloaded.
[Jan 17 15:34:08] ==========
[Jan 17 15:34:08] Started with a total count of 439.
[Jan 17 15:34:08] ==========
[Jan 17 15:34:09] Started with a total count of 439.
[Jan 17 15:34:11] Image ID: 487 has been offloaded.
[Jan 17 15:34:14] Image ID: 486 has been offloaded.
[Jan 17 15:34:18] Image ID: 485 has been offloaded.
[Jan 17 15:34:19] ==========
[Jan 17 15:34:19] Started with a total count of 436.
[Jan 17 15:34:20] ==========
[Jan 17 15:34:20] Started with a total count of 436.
[Jan 17 15:34:22] Image ID: 484 has been offloaded.
[Jan 17 15:34:23] Image ID: 483 has an issue.
[Jan 17 15:34:27] Image ID: 482 has been offloaded.
[Jan 17 15:34:28] Image ID: 481 has an issue.
[Jan 17 15:34:30] ==========
[Jan 17 15:34:30] Started with a total count of 432.
[Jan 17 15:34:30] ==========
[Jan 17 15:34:31] Started with a total count of 432.
[Jan 17 15:34:31] Image ID: 479 has been offloaded.
[Jan 17 15:34:34] Image ID: 478 has been offloaded.
[Jan 17 15:34:38] Image ID: 477 has been offloaded.
[Jan 17 15:34:40] ==========
[Jan 17 15:34:41] Started with a total count of 429.
[Jan 17 15:34:41] ==========
[Jan 17 15:34:42] Image ID: 476 has been offloaded.
[Jan 17 15:34:42] Started with a total count of 429.
[Jan 17 15:34:42] ==========
[Jan 17 15:34:43] Started with a total count of 428.
[Jan 17 15:34:45] Image ID: 475 has been offloaded.
[Jan 17 15:34:45] Image ID: 475 has been offloaded.
[Jan 17 15:34:48] Image ID: 474 has been offloaded.
[Jan 17 15:34:48] Image ID: 474 has been offloaded.
[Jan 17 15:34:52] Image ID: 473 has been offloaded.
[Jan 17 15:34:52] Image ID: 473 has been offloaded.
[Jan 17 15:34:52] ==========
[Jan 17 15:34:53] Started with a total count of 425.
[Jan 17 15:34:53] ==========
[Jan 17 15:34:54] Started with a total count of 425.
[Jan 17 15:34:54] Image ID: 472 has upload error.
[Jan 17 15:34:56] Image ID: 472 has been offloaded.
[Jan 17 15:34:57] Image ID: 471 has been offloaded.
[Jan 17 15:34:59] Image ID: 471 has been offloaded.
[Jan 17 15:35:01] Image ID: 470 has been offloaded.
[Jan 17 15:35:01] Image ID: 470 has been offloaded.
[Jan 17 15:35:03] ==========
[Jan 17 15:35:04] Started with a total count of 422.
[Jan 17 15:35:04] Image ID: 469 has been offloaded.
[Jan 17 15:35:04] Image ID: 469 has been offloaded.
[Jan 17 15:35:04] ==========
[Jan 17 15:35:05] Started with a total count of 421.
[Jan 17 15:35:05] Image ID: 468 has an issue.
[Jan 17 15:35:05] Image ID: 468 has an issue.
[Jan 17 15:35:08] Image ID: 467 has been offloaded.
[Jan 17 15:35:08] Image ID: 467 has been offloaded.
[Jan 17 15:35:09] Image ID: 465 has an issue.
[Jan 17 15:35:11] Image ID: 465 has been offloaded.
[Jan 17 15:35:12] Image ID: 464 has been offloaded.
[Jan 17 15:35:13] Image ID: 464 has been offloaded.
[Jan 17 15:35:14] ==========
[Jan 17 15:35:15] Started with a total count of 417.
[Jan 17 15:35:15] ==========
[Jan 17 15:35:16] Started with a total count of 417.
[Jan 17 15:35:16] Image ID: 463 has been offloaded.
[Jan 17 15:35:16] Image ID: 463 has been offloaded.
[Jan 17 15:35:18] Image ID: 462 has upload error.
[Jan 17 15:35:19] Image ID: 462 has been offloaded.
[Jan 17 15:35:22] Image ID: 461 has been offloaded.
[Jan 17 15:35:22] Image ID: 461 has been offloaded.
[Jan 17 15:35:25] ==========
[Jan 17 15:35:26] Image ID: 460 has been offloaded.
[Jan 17 15:35:26] Image ID: 460 has been offloaded.
[Jan 17 15:35:26] Started with a total count of 414.
[Jan 17 15:35:27] ==========
[Jan 17 15:35:27] Started with a total count of 413.
[Jan 17 15:35:29] Image ID: 459 has been offloaded.
[Jan 17 15:35:29] Image ID: 459 has been offloaded.
[Jan 17 15:35:30] Image ID: 458 has an issue.
[Jan 17 15:35:30] Image ID: 458 has an issue.
[Jan 17 15:35:32] Image ID: 457 has upload error.
[Jan 17 15:35:33] Image ID: 456 has an issue.
[Jan 17 15:35:34] Image ID: 457 has been offloaded.
[Jan 17 15:35:37] ==========
[Jan 17 15:35:37] Image ID: 456 has been offloaded.
[Jan 17 15:35:37] Started with a total count of 409.
[Jan 17 15:35:37] Image ID: 454 has been offloaded.
[Jan 17 15:35:37] ==========
[Jan 17 15:35:38] Started with a total count of 408.
[Jan 17 15:35:40] Image ID: 453 has been offloaded.
[Jan 17 15:35:42] Image ID: 452 has an issue.
[Jan 17 15:35:46] Image ID: 451 has been offloaded.
[Jan 17 15:35:47] Image ID: 450 has an issue.
[Jan 17 15:35:48] ==========
[Jan 17 15:35:48] Image ID: 449 has an issue.
[Jan 17 15:35:48] Started with a total count of 404.
[Jan 17 15:35:48] ==========
[Jan 17 15:35:49] Started with a total count of 403.
[Jan 17 15:35:50] ==========
[Jan 17 15:35:50] Started with a total count of 403.
[Jan 17 15:35:51] Image ID: 448 has been offloaded.
[Jan 17 15:35:51] Image ID: 448 has been offloaded.
[Jan 17 15:35:55] Image ID: 447 has been offloaded.
[Jan 17 15:35:55] Image ID: 447 has been offloaded.
[Jan 17 15:35:59] Image ID: 446 has been offloaded.
[Jan 17 15:35:59] Image ID: 446 has been offloaded.
[Jan 17 15:36:00] ==========
[Jan 17 15:36:00] ==========
[Jan 17 15:36:00] Started with a total count of 400.
[Jan 17 15:36:00] Started with a total count of 400.
[Jan 17 15:36:01] ==========
[Jan 17 15:36:01] Started with a total count of 400.
[Jan 17 15:36:02] Image ID: 445 has been offloaded.
[Jan 17 15:36:02] Image ID: 445 has been offloaded.
[Jan 17 15:36:05] Image ID: 444 has been offloaded.
[Jan 17 15:36:05] Image ID: 444 has been offloaded.
[Jan 17 15:36:09] Image ID: 443 has been offloaded.
[Jan 17 15:36:09] Image ID: 443 has been offloaded.
[Jan 17 15:36:11] ==========
[Jan 17 15:36:11] Started with a total count of 397.
[Jan 17 15:36:11] ==========
[Jan 17 15:36:12] Started with a total count of 397.
[Jan 17 15:36:13] Image ID: 442 has been offloaded.
[Jan 17 15:36:13] Image ID: 442 has been offloaded.
[Jan 17 15:36:15] Image ID: 441 has upload error.
[Jan 17 15:36:16] Image ID: 441 has been offloaded.
[Jan 17 15:36:18] Image ID: 440 has been offloaded.
[Jan 17 15:36:19] Image ID: 440 has been offloaded.
[Jan 17 15:36:22] ==========
[Jan 17 15:36:22] Image ID: 439 has been offloaded.
[Jan 17 15:36:22] Image ID: 439 has been offloaded.
[Jan 17 15:36:22] Started with a total count of 394.
[Jan 17 15:36:23] ==========
[Jan 17 15:36:23] Started with a total count of 393.
[Jan 17 15:36:24] Image ID: 438 has upload error.
[Jan 17 15:36:25] Image ID: 438 has been offloaded.
[Jan 17 15:36:28] Image ID: 437 has been offloaded.
[Jan 17 15:36:28] Image ID: 437 has been offloaded.
[Jan 17 15:36:31] Image ID: 436 has been offloaded.
[Jan 17 15:36:31] Image ID: 436 has been offloaded.
[Jan 17 15:36:33] ==========
[Jan 17 15:36:33] Started with a total count of 390.
[Jan 17 15:36:34] ==========
[Jan 17 15:36:34] Started with a total count of 390.
[Jan 17 15:36:34] Image ID: 435 has been offloaded.
[Jan 17 15:36:35] Image ID: 435 has been offloaded.
[Jan 17 15:36:38] Image ID: 434 has been offloaded.
[Jan 17 15:36:38] Image ID: 434 has been offloaded.
[Jan 17 15:36:41] Image ID: 433 has been offloaded.
[Jan 17 15:36:43] Image ID: 432 has an issue.
[Jan 17 15:36:44] ==========
[Jan 17 15:36:44] Started with a total count of 386.
[Jan 17 15:36:45] ==========
[Jan 17 15:36:45] Started with a total count of 386.
[Jan 17 15:36:47] Image ID: 430 has been offloaded.
[Jan 17 15:36:48] Image ID: 429 has an issue.
[Jan 17 15:36:51] Image ID: 427 has been offloaded.
[Jan 17 15:36:54] Image ID: 426 has been offloaded.
[Jan 17 15:36:55] ==========
[Jan 17 15:36:55] Started with a total count of 382.
[Jan 17 15:36:56] ==========
[Jan 17 15:36:56] Started with a total count of 382.
[Jan 17 15:36:57] ==========
[Jan 17 15:36:57] Started with a total count of 382.
[Jan 17 15:36:58] Image ID: 425 has been offloaded.
[Jan 17 15:36:59] Image ID: 425 has been offloaded.
[Jan 17 15:36:59] Image ID: 424 has an issue.
[Jan 17 15:37:02] Image ID: 424 has been offloaded.
[Jan 17 15:37:03] Image ID: 423 has been offloaded.
[Jan 17 15:37:05] Image ID: 423 has been offloaded.
[Jan 17 15:37:06] Image ID: 422 has been offloaded.
[Jan 17 15:37:07] Image ID: 422 has been offloaded.
[Jan 17 15:37:07] ==========
[Jan 17 15:37:07] Started with a total count of 378.
[Jan 17 15:37:08] ==========
[Jan 17 15:37:08] Started with a total count of 378.
[Jan 17 15:37:11] Image ID: 421 has been offloaded.
[Jan 17 15:37:11] Image ID: 421 has been offloaded.
[Jan 17 15:37:15] Image ID: 420 has been offloaded.
[Jan 17 15:37:16] Image ID: 420 has been offloaded.
[Jan 17 15:37:18] ==========
[Jan 17 15:37:18] Image ID: 419 has been offloaded.
[Jan 17 15:37:18] Image ID: 419 has been offloaded.
[Jan 17 15:37:18] Started with a total count of 376.
[Jan 17 15:37:19] ==========
[Jan 17 15:37:19] Started with a total count of 375.
[Jan 17 15:37:22] Image ID: 418 has been offloaded.
[Jan 17 15:37:22] Image ID: 418 has been offloaded.
[Jan 17 15:37:24] Image ID: 417 has upload error.
[Jan 17 15:37:25] Image ID: 417 has been offloaded.
[Jan 17 15:37:27] Image ID: 416 has been offloaded.
[Jan 17 15:37:28] Image ID: 416 has been offloaded.
[Jan 17 15:37:29] ==========
[Jan 17 15:37:29] Started with a total count of 372.
[Jan 17 15:37:30] ==========
[Jan 17 15:37:30] Started with a total count of 372.
[Jan 17 15:37:31] Image ID: 415 has been offloaded.
[Jan 17 15:37:31] Image ID: 415 has been offloaded.
[Jan 17 15:37:34] Image ID: 414 has been offloaded.
[Jan 17 15:37:34] Image ID: 414 has been offloaded.
[Jan 17 15:37:37] Image ID: 413 has been offloaded.
[Jan 17 15:37:37] Image ID: 413 has been offloaded.
[Jan 17 15:37:38] Image ID: 412 has an issue.
[Jan 17 15:37:40] ==========
[Jan 17 15:37:40] Image ID: 412 has been offloaded.
[Jan 17 15:37:40] Started with a total count of 368.
[Jan 17 15:37:41] ==========
[Jan 17 15:37:41] Started with a total count of 368.
[Jan 17 15:37:41] Image ID: 410 has been offloaded.
[Jan 17 15:37:43] Image ID: 410 has been offloaded.
[Jan 17 15:37:45] Image ID: 409 has been offloaded.
[Jan 17 15:37:45] Image ID: 409 has been offloaded.
[Jan 17 15:37:48] Image ID: 408 has been offloaded.
[Jan 17 15:37:49] Image ID: 408 has been offloaded.
[Jan 17 15:37:51] ==========
[Jan 17 15:37:51] Started with a total count of 365.
[Jan 17 15:37:52] ==========
[Jan 17 15:37:52] Started with a total count of 365.
[Jan 17 15:37:52] Image ID: 407 has been offloaded.
[Jan 17 15:37:52] Image ID: 407 has been offloaded.
[Jan 17 15:37:54] Image ID: 406 has upload error.
[Jan 17 15:37:55] Image ID: 406 has been offloaded.
[Jan 17 15:38:00] Image ID: 405 has been offloaded.
[Jan 17 15:38:00] ==========
[Jan 17 15:38:00] Started with a total count of 362.
[Jan 17 15:38:01] ==========
[Jan 17 15:38:01] Started with a total count of 362.
[Jan 17 15:38:02] ==========
[Jan 17 15:38:02] Started with a total count of 362.
[Jan 17 15:38:03] ==========
[Jan 17 15:38:03] Started with a total count of 362.
[Jan 17 15:38:04] Image ID: 404 has been offloaded.
[Jan 17 15:38:04] Image ID: 404 has been offloaded.
[Jan 17 15:38:07] Image ID: 403 has been offloaded.
[Jan 17 15:38:07] Image ID: 403 has been offloaded.
[Jan 17 15:38:11] Image ID: 402 has been offloaded.
[Jan 17 15:38:11] Image ID: 402 has been offloaded.
[Jan 17 15:38:13] ==========
[Jan 17 15:38:13] Started with a total count of 359.
[Jan 17 15:38:13] ==========
[Jan 17 15:38:14] Started with a total count of 359.
[Jan 17 15:38:14] Image ID: 401 has been offloaded.
[Jan 17 15:38:14] Image ID: 401 has been offloaded.
[Jan 17 15:38:18] Image ID: 400 has been offloaded.
[Jan 17 15:38:18] Image ID: 400 has been offloaded.
[Jan 17 15:38:21] Image ID: 399 has been offloaded.
[Jan 17 15:38:21] Image ID: 399 has been offloaded.
[Jan 17 15:38:22] Image ID: 398 has an issue.
[Jan 17 15:38:24] ==========
[Jan 17 15:38:24] Started with a total count of 355.
[Jan 17 15:38:24] Image ID: 398 has been offloaded.
[Jan 17 15:38:25] ==========
[Jan 17 15:38:25] Started with a total count of 355.
[Jan 17 15:38:25] Image ID: 396 has been offloaded.
[Jan 17 15:38:26] Image ID: 396 has been offloaded.
[Jan 17 15:38:29] Image ID: 395 has been offloaded.
[Jan 17 15:38:29] Image ID: 395 has been offloaded.
[Jan 17 15:38:32] Image ID: 394 has been offloaded.
[Jan 17 15:38:32] Image ID: 394 has been offloaded.
[Jan 17 15:38:34] Image ID: 393 has upload error.
[Jan 17 15:38:35] ==========
[Jan 17 15:38:35] Started with a total count of 351.
[Jan 17 15:38:36] ==========
[Jan 17 15:38:36] Image ID: 393 has been offloaded.
[Jan 17 15:38:36] Started with a total count of 351.
[Jan 17 15:38:37] Image ID: 392 has been offloaded.
[Jan 17 15:38:38] Image ID: 392 has been offloaded.
[Jan 17 15:38:41] Image ID: 391 has been offloaded.
[Jan 17 15:38:41] Image ID: 391 has been offloaded.
[Jan 17 15:38:44] Image ID: 390 has been offloaded.
[Jan 17 15:38:44] Image ID: 390 has been offloaded.
[Jan 17 15:38:45] ==========
[Jan 17 15:38:46] Started with a total count of 348.
[Jan 17 15:38:46] ==========
[Jan 17 15:38:47] Started with a total count of 348.
[Jan 17 15:38:47] Image ID: 389 has been offloaded.
[Jan 17 15:38:47] Image ID: 389 has been offloaded.
[Jan 17 15:38:51] Image ID: 388 has been offloaded.
[Jan 17 15:38:51] Image ID: 388 has been offloaded.
[Jan 17 15:38:54] Image ID: 387 has been offloaded.
[Jan 17 15:38:54] Image ID: 387 has been offloaded.
[Jan 17 15:38:56] ==========
[Jan 17 15:38:57] Started with a total count of 345.
[Jan 17 15:38:57] ==========
[Jan 17 15:38:57] Image ID: 386 has been offloaded.
[Jan 17 15:38:57] Image ID: 386 has been offloaded.
[Jan 17 15:38:58] Started with a total count of 345.
[Jan 17 15:38:59] Image ID: 385 has an issue.
[Jan 17 15:38:59] Image ID: 383 has an issue.
[Jan 17 15:39:00] Image ID: 385 has been offloaded.
[Jan 17 15:39:03] Image ID: 383 has been offloaded.
[Jan 17 15:39:07] Image ID: 382 has been offloaded.
[Jan 17 15:39:07] ==========
[Jan 17 15:39:08] Started with a total count of 341.
[Jan 17 15:39:08] ==========
[Jan 17 15:39:09] Started with a total count of 341.
[Jan 17 15:39:09] ==========
[Jan 17 15:39:10] Started with a total count of 341.
[Jan 17 15:39:11] Image ID: 381 has been offloaded.
[Jan 17 15:39:11] Image ID: 381 has been offloaded.
[Jan 17 15:39:13] Image ID: 380 has upload error.
[Jan 17 15:39:15] Image ID: 380 has been offloaded.
[Jan 17 15:39:16] Image ID: 379 has been offloaded.
[Jan 17 15:39:17] Image ID: 379 has been offloaded.
[Jan 17 15:39:19] ==========
[Jan 17 15:39:20] Image ID: 378 has been offloaded.
[Jan 17 15:39:20] Started with a total count of 338.
[Jan 17 15:39:20] Image ID: 378 has been offloaded.
[Jan 17 15:39:20] ==========
[Jan 17 15:39:21] Started with a total count of 337.
[Jan 17 15:39:24] Image ID: 377 has been offloaded.
[Jan 17 15:39:24] Image ID: 377 has been offloaded.
[Jan 17 15:39:26] Image ID: 376 has upload error.
[Jan 17 15:39:27] Image ID: 376 has been offloaded.
[Jan 17 15:39:30] Image ID: 375 has been offloaded.
[Jan 17 15:39:30] Image ID: 375 has been offloaded.
[Jan 17 15:39:30] ==========
[Jan 17 15:39:31] Started with a total count of 334.
[Jan 17 15:39:31] ==========
[Jan 17 15:39:32] Started with a total count of 334.
[Jan 17 15:39:32] Image ID: 374 has upload error.
[Jan 17 15:39:34] Image ID: 374 has been offloaded.
[Jan 17 15:39:36] Image ID: 373 has been offloaded.
[Jan 17 15:39:36] Image ID: 373 has been offloaded.
[Jan 17 15:39:40] Image ID: 372 has been offloaded.
[Jan 17 15:39:40] Image ID: 372 has been offloaded.
[Jan 17 15:39:42] ==========
[Jan 17 15:39:42] Started with a total count of 331.
[Jan 17 15:39:42] ==========
[Jan 17 15:39:43] Started with a total count of 331.
[Jan 17 15:39:43] Image ID: 371 has been offloaded.
[Jan 17 15:39:43] Image ID: 371 has been offloaded.
[Jan 17 15:39:47] Image ID: 370 has been offloaded.
[Jan 17 15:39:47] Image ID: 370 has been offloaded.
[Jan 17 15:39:49] Image ID: 369 has upload error.
[Jan 17 15:39:50] Image ID: 369 has been offloaded.
[Jan 17 15:39:52] Image ID: 368 has been offloaded.
[Jan 17 15:39:53] Image ID: 368 has been offloaded.
[Jan 17 15:39:53] ==========
[Jan 17 15:39:53] Started with a total count of 327.
[Jan 17 15:39:53] ==========
[Jan 17 15:39:54] Started with a total count of 327.
[Jan 17 15:39:56] Image ID: 367 has been offloaded.
[Jan 17 15:39:56] Image ID: 367 has been offloaded.
[Jan 17 15:40:00] Image ID: 366 has been offloaded.
[Jan 17 15:40:00] Image ID: 366 has been offloaded.
[Jan 17 15:40:00] ==========
[Jan 17 15:40:01] Started with a total count of 325.
[Jan 17 15:40:03] Image ID: 365 has been offloaded.
[Jan 17 15:40:03] Image ID: 365 has been offloaded.
[Jan 17 15:40:04] ==========
[Jan 17 15:40:04] Started with a total count of 324.
[Jan 17 15:40:05] ==========
[Jan 17 15:40:05] Started with a total count of 324.
[Jan 17 15:40:07] Image ID: 364 has been offloaded.
[Jan 17 15:40:07] Image ID: 364 has been offloaded.
[Jan 17 15:40:10] Image ID: 363 has been offloaded.
[Jan 17 15:40:10] Image ID: 363 has been offloaded.
[Jan 17 15:40:11] Image ID: 362 has an issue.
[Jan 17 15:40:14] Image ID: 360 has been offloaded.
[Jan 17 15:40:15] ==========
[Jan 17 15:40:15] Started with a total count of 320.
[Jan 17 15:40:16] ==========
[Jan 17 15:40:16] Started with a total count of 320.
[Jan 17 15:40:16] ==========
[Jan 17 15:40:17] Started with a total count of 320.
[Jan 17 15:40:18] Image ID: 359 has been offloaded.
[Jan 17 15:40:18] Image ID: 359 has been offloaded.
[Jan 17 15:40:21] Image ID: 358 has upload error.
[Jan 17 15:40:22] Image ID: 358 has been offloaded.
[Jan 17 15:40:25] Image ID: 357 has been offloaded.
[Jan 17 15:40:25] Image ID: 357 has been offloaded.
[Jan 17 15:40:27] ==========
[Jan 17 15:40:27] Started with a total count of 317.
[Jan 17 15:40:28] ==========
[Jan 17 15:40:28] Started with a total count of 317.
[Jan 17 15:40:28] Image ID: 356 has been offloaded.
[Jan 17 15:40:28] Image ID: 356 has been offloaded.
[Jan 17 15:40:32] Image ID: 355 has been offloaded.
[Jan 17 15:40:32] Image ID: 355 has been offloaded.
[Jan 17 15:40:36] Image ID: 354 has been offloaded.
[Jan 17 15:40:36] Image ID: 354 has been offloaded.
[Jan 17 15:40:38] ==========
[Jan 17 15:40:38] Started with a total count of 314.
[Jan 17 15:40:39] ==========
[Jan 17 15:40:39] Image ID: 353 has been offloaded.
[Jan 17 15:40:39] Image ID: 353 has been offloaded.
[Jan 17 15:40:39] Started with a total count of 314.
[Jan 17 15:40:42] Image ID: 352 has been offloaded.
[Jan 17 15:40:42] Image ID: 352 has been offloaded.
[Jan 17 15:40:45] Image ID: 351 has been offloaded.
[Jan 17 15:40:45] Image ID: 351 has been offloaded.
[Jan 17 15:40:49] ==========
[Jan 17 15:40:49] Image ID: 350 has been offloaded.
[Jan 17 15:40:49] Image ID: 350 has been offloaded.
[Jan 17 15:40:49] Started with a total count of 311.
[Jan 17 15:40:49] ==========
[Jan 17 15:40:50] Started with a total count of 310.
[Jan 17 15:40:52] Image ID: 349 has been offloaded.
[Jan 17 15:40:52] Image ID: 349 has been offloaded.
[Jan 17 15:40:53] Image ID: 348 has an issue.
[Jan 17 15:40:53] Image ID: 348 has an issue.
[Jan 17 15:40:57] Image ID: 346 has been offloaded.
[Jan 17 15:40:57] Image ID: 346 has been offloaded.
[Jan 17 15:40:58] Image ID: 345 has an issue.
[Jan 17 15:41:00] ==========
[Jan 17 15:41:00] Started with a total count of 306.
[Jan 17 15:41:00] Image ID: 345 has been offloaded.
[Jan 17 15:41:00] ==========
[Jan 17 15:41:01] Started with a total count of 306.
[Jan 17 15:41:02] Image ID: 344 has been offloaded.
[Jan 17 15:41:03] Image ID: 344 has been offloaded.
[Jan 17 15:41:05] Image ID: 343 has been offloaded.
[Jan 17 15:41:07] Image ID: 343 has been offloaded.
[Jan 17 15:41:08] Image ID: 342 has been offloaded.
[Jan 17 15:41:09] Image ID: 342 has been offloaded.
[Jan 17 15:41:10] ==========
[Jan 17 15:41:11] Started with a total count of 303.
[Jan 17 15:41:11] ==========
[Jan 17 15:41:12] Started with a total count of 303.
[Jan 17 15:41:12] Image ID: 341 has been offloaded.
[Jan 17 15:41:12] Image ID: 341 has been offloaded.
[Jan 17 15:41:15] Image ID: 340 has been offloaded.
[Jan 17 15:41:15] Image ID: 340 has been offloaded.
[Jan 17 15:41:19] Image ID: 339 has been offloaded.
[Jan 17 15:41:21] ==========
[Jan 17 15:41:22] Started with a total count of 300.
[Jan 17 15:41:22] Image ID: 338 has been offloaded.
[Jan 17 15:41:22] ==========
[Jan 17 15:41:23] Started with a total count of 300.
[Jan 17 15:41:23] ==========
[Jan 17 15:41:23] Started with a total count of 299.
[Jan 17 15:41:25] Image ID: 337 has been offloaded.
[Jan 17 15:41:26] Image ID: 337 has been offloaded.
[Jan 17 15:41:29] Image ID: 336 has been offloaded.
[Jan 17 15:41:29] Image ID: 336 has been offloaded.
[Jan 17 15:41:32] Image ID: 335 has been offloaded.
[Jan 17 15:41:32] Image ID: 335 has been offloaded.
[Jan 17 15:41:33] Image ID: 334 has an issue.
[Jan 17 15:41:33] ==========
[Jan 17 15:41:34] Started with a total count of 295.
[Jan 17 15:41:34] ==========
[Jan 17 15:41:35] Started with a total count of 295.
[Jan 17 15:41:35] Image ID: 334 has been offloaded.
[Jan 17 15:41:36] Image ID: 332 has been offloaded.
[Jan 17 15:41:37] Image ID: 332 has been offloaded.
[Jan 17 15:41:40] Image ID: 331 has upload error.
[Jan 17 15:41:42] Image ID: 331 has been offloaded.
[Jan 17 15:41:43] Image ID: 330 has been offloaded.
[Jan 17 15:41:44] ==========
[Jan 17 15:41:45] Started with a total count of 292.
[Jan 17 15:41:45] Image ID: 330 has been offloaded.
[Jan 17 15:41:45] ==========
[Jan 17 15:41:46] Started with a total count of 292.
[Jan 17 15:41:47] Image ID: 329 has been offloaded.
[Jan 17 15:41:48] Image ID: 329 has been offloaded.
[Jan 17 15:41:50] Image ID: 328 has been offloaded.
[Jan 17 15:41:50] Image ID: 328 has been offloaded.
[Jan 17 15:41:54] Image ID: 327 has been offloaded.
[Jan 17 15:41:54] Image ID: 327 has been offloaded.
[Jan 17 15:41:55] ==========
[Jan 17 15:41:56] Started with a total count of 289.
[Jan 17 15:41:56] ==========
[Jan 17 15:41:57] Started with a total count of 289.
[Jan 17 15:41:57] Image ID: 326 has been offloaded.
[Jan 17 15:41:58] Image ID: 326 has been offloaded.
[Jan 17 15:42:00] Image ID: 325 has upload error.
[Jan 17 15:42:00] ==========
[Jan 17 15:42:01] Started with a total count of 287.
[Jan 17 15:42:01] Image ID: 325 has been offloaded.
[Jan 17 15:42:03] Image ID: 324 has been offloaded.
[Jan 17 15:42:04] Image ID: 324 has been offloaded.
[Jan 17 15:42:06] ==========
[Jan 17 15:42:06] Image ID: 323 has been offloaded.
[Jan 17 15:42:07] Image ID: 323 has been offloaded.
[Jan 17 15:42:07] Started with a total count of 286.
[Jan 17 15:42:07] ==========
[Jan 17 15:42:07] Started with a total count of 285.
[Jan 17 15:42:10] Image ID: 322 has been offloaded.
[Jan 17 15:42:10] Image ID: 322 has been offloaded.
[Jan 17 15:42:14] Image ID: 321 has been offloaded.
[Jan 17 15:42:14] Image ID: 321 has been offloaded.
[Jan 17 15:42:15] Image ID: 320 has an issue.
[Jan 17 15:42:16] Image ID: 319 has an issue.
[Jan 17 15:42:17] ==========
[Jan 17 15:42:17] Image ID: 320 has been offloaded.
[Jan 17 15:42:18] Image ID: 318 has an issue.
[Jan 17 15:42:18] Started with a total count of 281.
[Jan 17 15:42:18] ==========
[Jan 17 15:42:18] Started with a total count of 280.
[Jan 17 15:42:20] Image ID: 319 has been offloaded.
[Jan 17 15:42:23] Image ID: 318 has been offloaded.
[Jan 17 15:42:24] Image ID: 317 has an issue.
[Jan 17 15:42:25] Image ID: 315 has an issue.
[Jan 17 15:42:28] ==========
[Jan 17 15:42:29] Image ID: 314 has been offloaded.
[Jan 17 15:42:29] Started with a total count of 278.
[Jan 17 15:42:29] ==========
[Jan 17 15:42:29] Started with a total count of 277.
[Jan 17 15:42:30] ==========
[Jan 17 15:42:31] Started with a total count of 277.
[Jan 17 15:42:32] Image ID: 313 has been offloaded.
[Jan 17 15:42:32] Image ID: 313 has been offloaded.
[Jan 17 15:42:34] Image ID: 312 has been offloaded.
[Jan 17 15:42:35] Image ID: 312 has been offloaded.
[Jan 17 15:42:35] Image ID: 311 has an issue.
[Jan 17 15:42:38] Image ID: 311 has been offloaded.
[Jan 17 15:42:38] Image ID: 310 has been offloaded.
[Jan 17 15:42:39] Image ID: 310 file is missing or unreadable.
[Jan 17 15:42:40] ==========
[Jan 17 15:42:41] Started with a total count of 273.
[Jan 17 15:42:41] Image ID: 309 has been offloaded.
[Jan 17 15:42:41] Image ID: 309 has been offloaded.
[Jan 17 15:42:41] ==========
[Jan 17 15:42:42] Started with a total count of 272.
[Jan 17 15:42:44] Image ID: 308 has been offloaded.
[Jan 17 15:42:44] Image ID: 308 has been offloaded.
[Jan 17 15:42:48] Image ID: 307 has been offloaded.
[Jan 17 15:42:48] Image ID: 307 has been offloaded.
[Jan 17 15:42:50] Image ID: 306 has upload error.
[Jan 17 15:42:51] Image ID: 306 has been offloaded.
[Jan 17 15:42:52] ==========
[Jan 17 15:42:52] Started with a total count of 269.
[Jan 17 15:42:52] ==========
[Jan 17 15:42:53] Started with a total count of 269.
[Jan 17 15:42:53] Image ID: 305 has been offloaded.
[Jan 17 15:42:53] Image ID: 305 has been offloaded.
[Jan 17 15:42:56] Image ID: 304 has been offloaded.
[Jan 17 15:42:56] Image ID: 304 has been offloaded.
[Jan 17 15:42:57] Image ID: 302 has an issue.
[Jan 17 15:42:59] Image ID: 303 has an issue.
[Jan 17 15:43:00] Image ID: 302 has been offloaded.
[Jan 17 15:43:00] Image ID: 301 has an issue.
[Jan 17 15:43:01] Image ID: 300 has an issue.
[Jan 17 15:43:02] Image ID: 298 has an issue.
[Jan 17 15:43:02] ==========
[Jan 17 15:43:03] Image ID: 303 has been offloaded.
[Jan 17 15:43:03] Started with a total count of 262.
[Jan 17 15:43:03] ==========
[Jan 17 15:43:04] Started with a total count of 262.
[Jan 17 15:43:05] Image ID: 301 has been offloaded.
[Jan 17 15:43:06] Image ID: 297 has been offloaded.
[Jan 17 15:43:08] Image ID: 300 has been offloaded.
[Jan 17 15:43:10] Image ID: 296 has been offloaded.
[Jan 17 15:43:11] Image ID: 298 has been offloaded.
[Jan 17 15:43:13] ==========
[Jan 17 15:43:14] Image ID: 295 has been offloaded.
[Jan 17 15:43:14] Image ID: 295 has been offloaded.
[Jan 17 15:43:14] Started with a total count of 260.
[Jan 17 15:43:14] ==========
[Jan 17 15:43:15] Started with a total count of 259.
[Jan 17 15:43:17] Image ID: 294 has been offloaded.
[Jan 17 15:43:21] Image ID: 293 has been offloaded.
[Jan 17 15:43:24] Image ID: 292 has been offloaded.
[Jan 17 15:43:25] ==========
[Jan 17 15:43:25] Started with a total count of 256.
[Jan 17 15:43:26] ==========
[Jan 17 15:43:26] Started with a total count of 256.
[Jan 17 15:43:28] Image ID: 291 has been offloaded.
[Jan 17 15:43:32] Image ID: 290 has been offloaded.
[Jan 17 15:43:36] ==========
[Jan 17 15:43:36] Started with a total count of 254.
[Jan 17 15:43:37] ==========
[Jan 17 15:43:37] Started with a total count of 254.
[Jan 17 15:43:37] Image ID: 289 has been offloaded.
[Jan 17 15:43:38] ==========
[Jan 17 15:43:38] Started with a total count of 253.
[Jan 17 15:43:41] Image ID: 288 has been offloaded.
[Jan 17 15:43:41] Image ID: 288 has been offloaded.
[Jan 17 15:43:42] Image ID: 287 has an issue.
[Jan 17 15:43:43] Image ID: 286 has an issue.
[Jan 17 15:43:44] Image ID: 285 has an issue.
[Jan 17 15:43:44] Image ID: 287 has been offloaded.
[Jan 17 15:43:45] Image ID: 284 has an issue.
[Jan 17 15:43:47] Image ID: 286 has been offloaded.
[Jan 17 15:43:48] ==========
[Jan 17 15:43:48] Started with a total count of 248.
[Jan 17 15:43:48] ==========
[Jan 17 15:43:49] Started with a total count of 248.
[Jan 17 15:43:49] Image ID: 282 has been offloaded.
[Jan 17 15:43:50] Image ID: 284 has been offloaded.
[Jan 17 15:43:52] Image ID: 285 has been offloaded.
[Jan 17 15:43:53] Image ID: 281 has been offloaded.
[Jan 17 15:43:53] Image ID: 281 file is missing or unreadable.
[Jan 17 15:43:58] Image ID: 280 has been offloaded.
[Jan 17 15:43:58] Image ID: 280 has been offloaded.
[Jan 17 15:43:59] ==========
[Jan 17 15:43:59] Started with a total count of 245.
[Jan 17 15:43:59] ==========
[Jan 17 15:44:00] Started with a total count of 245.
[Jan 17 15:44:00] ==========
[Jan 17 15:44:01] Image ID: 279 has been offloaded.
[Jan 17 15:44:01] Image ID: 279 has been offloaded.
[Jan 17 15:44:01] Started with a total count of 245.
[Jan 17 15:44:04] Image ID: 278 has been offloaded.
[Jan 17 15:44:04] Image ID: 278 has been offloaded.
[Jan 17 15:44:07] Image ID: 277 has been offloaded.
[Jan 17 15:44:07] Image ID: 277 has been offloaded.
[Jan 17 15:44:10] ==========
[Jan 17 15:44:10] Started with a total count of 242.
[Jan 17 15:44:10] Image ID: 276 has been offloaded.
[Jan 17 15:44:10] Image ID: 276 has been offloaded.
[Jan 17 15:44:11] ==========
[Jan 17 15:44:11] Started with a total count of 241.
[Jan 17 15:44:12] Image ID: 275 has upload error.
[Jan 17 15:44:14] Image ID: 275 has been offloaded.
[Jan 17 15:44:16] Image ID: 274 has been offloaded.
[Jan 17 15:44:16] Image ID: 274 has been offloaded.
[Jan 17 15:44:19] Image ID: 273 has been offloaded.
[Jan 17 15:44:19] Image ID: 273 has been offloaded.
[Jan 17 15:44:21] ==========
[Jan 17 15:44:21] Started with a total count of 238.
[Jan 17 15:44:21] ==========
[Jan 17 15:44:22] Started with a total count of 238.
[Jan 17 15:44:22] Image ID: 272 has been offloaded.
[Jan 17 15:44:22] Image ID: 272 has been offloaded.
[Jan 17 15:44:25] Image ID: 271 has been offloaded.
[Jan 17 15:44:26] Image ID: 256 has an issue.
[Jan 17 15:44:27] Image ID: 255 has an issue.
[Jan 17 15:44:28] Image ID: 254 has an issue.
[Jan 17 15:44:29] Image ID: 253 has an issue.
[Jan 17 15:44:31] ==========
[Jan 17 15:44:32] Started with a total count of 232.
[Jan 17 15:44:32] ==========
[Jan 17 15:44:33] Started with a total count of 232.
[Jan 17 15:44:33] Image ID: 251 has been offloaded.
[Jan 17 15:44:34] Image ID: 250 has an issue.
[Jan 17 15:44:37] Image ID: 249 has been offloaded.
[Jan 17 15:44:41] Image ID: 248 has been offloaded.
[Jan 17 15:44:42] ==========
[Jan 17 15:44:43] Started with a total count of 228.
[Jan 17 15:44:43] ==========
[Jan 17 15:44:44] Started with a total count of 228.
[Jan 17 15:44:44] ==========
[Jan 17 15:44:45] Started with a total count of 228.
[Jan 17 15:44:45] Image ID: 247 has been offloaded.
[Jan 17 15:44:46] Image ID: 247 has been offloaded.
[Jan 17 15:44:48] Image ID: 246 has been offloaded.
[Jan 17 15:44:49] Image ID: 246 has been offloaded.
[Jan 17 15:44:52] Image ID: 245 has been offloaded.
[Jan 17 15:44:52] Image ID: 245 has been offloaded.
[Jan 17 15:44:54] ==========
[Jan 17 15:44:55] Started with a total count of 225.
[Jan 17 15:44:55] Image ID: 244 has been offloaded.
[Jan 17 15:44:55] Image ID: 244 has been offloaded.
[Jan 17 15:44:55] ==========
[Jan 17 15:44:56] Started with a total count of 224.
[Jan 17 15:44:59] Image ID: 243 has been offloaded.
[Jan 17 15:44:59] Image ID: 243 has been offloaded.
[Jan 17 15:45:02] Image ID: 242 has been offloaded.
[Jan 17 15:45:02] Image ID: 242 has been offloaded.
[Jan 17 15:45:04] Image ID: 241 has upload error.
[Jan 17 15:45:06] ==========
[Jan 17 15:45:06] Started with a total count of 221.
[Jan 17 15:45:06] Image ID: 241 has been offloaded.
[Jan 17 15:45:06] ==========
[Jan 17 15:45:07] Started with a total count of 221.
[Jan 17 15:45:08] Image ID: 240 has been offloaded.
[Jan 17 15:45:09] Image ID: 240 has been offloaded.
[Jan 17 15:45:09] Image ID: 239 has an issue.
[Jan 17 15:45:10] Image ID: 238 has an issue.
[Jan 17 15:45:11] Image ID: 237 has an issue.
[Jan 17 15:45:11] Image ID: 239 has been offloaded.
[Jan 17 15:45:12] Image ID: 236 has an issue.
[Jan 17 15:45:14] Image ID: 238 has been offloaded.
[Jan 17 15:45:16] Image ID: 234 has been offloaded.
[Jan 17 15:45:16] Image ID: 237 has been offloaded.
[Jan 17 15:45:17] ==========
[Jan 17 15:45:17] Started with a total count of 215.
[Jan 17 15:45:17] ==========
[Jan 17 15:45:18] Started with a total count of 215.
[Jan 17 15:45:19] Image ID: 236 has been offloaded.
[Jan 17 15:45:19] Image ID: 233 has been offloaded.
[Jan 17 15:45:19] Image ID: 233 has missing file.
[Jan 17 15:45:20] Image ID: 232 has an issue.
[Jan 17 15:45:22] Image ID: 232 has been offloaded.
[Jan 17 15:45:23] Image ID: 231 has been offloaded.
[Jan 17 15:45:27] Image ID: 230 has been offloaded.
[Jan 17 15:45:27] ==========
[Jan 17 15:45:28] Started with a total count of 211.
[Jan 17 15:45:28] ==========
[Jan 17 15:45:29] Started with a total count of 211.
[Jan 17 15:45:31] Image ID: 229 has been offloaded.
[Jan 17 15:45:35] Image ID: 228 has been offloaded.
[Jan 17 15:45:38] Image ID: 227 has been offloaded.
[Jan 17 15:45:39] ==========
[Jan 17 15:45:39] Started with a total count of 208.
[Jan 17 15:45:40] ==========
[Jan 17 15:45:40] Started with a total count of 208.
[Jan 17 15:45:41] Image ID: 226 has been offloaded.
[Jan 17 15:45:44] Image ID: 225 has been offloaded.
[Jan 17 15:45:48] Image ID: 224 has been offloaded.
[Jan 17 15:45:50] ==========
[Jan 17 15:45:50] Started with a total count of 205.
[Jan 17 15:45:50] ==========
[Jan 17 15:45:51] Started with a total count of 205.
[Jan 17 15:45:51] Image ID: 223 has been offloaded.
[Jan 17 15:45:52] ==========
[Jan 17 15:45:52] Started with a total count of 204.
[Jan 17 15:45:55] Image ID: 222 has been offloaded.
[Jan 17 15:45:55] Image ID: 222 has been offloaded.
[Jan 17 15:45:57] Image ID: 221 has been offloaded.
[Jan 17 15:45:57] Image ID: 221 has been offloaded.
[Jan 17 15:45:59] Image ID: 220 has an issue.
[Jan 17 15:46:00] Image ID: 219 has an issue.
[Jan 17 15:46:00] Image ID: 220 has been offloaded.
[Jan 17 15:46:01] ==========
[Jan 17 15:46:01] Started with a total count of 200.
[Jan 17 15:46:02] ==========
[Jan 17 15:46:02] Started with a total count of 200.
[Jan 17 15:46:03] ==========
[Jan 17 15:46:03] Image ID: 218 has been offloaded.
[Jan 17 15:46:03] Image ID: 219 has been offloaded.
[Jan 17 15:46:03] Started with a total count of 200.
[Jan 17 15:46:06] Image ID: 217 has been offloaded.
[Jan 17 15:46:06] Image ID: 217 has been offloaded.
[Jan 17 15:46:09] Image ID: 215 has been offloaded.
[Jan 17 15:46:09] Image ID: 215 has been offloaded.
[Jan 17 15:46:12] Image ID: 214 has been offloaded.
[Jan 17 15:46:12] Image ID: 214 has been offloaded.
[Jan 17 15:46:13] ==========
[Jan 17 15:46:13] Started with a total count of 196.
[Jan 17 15:46:14] ==========
[Jan 17 15:46:14] Started with a total count of 196.
[Jan 17 15:46:15] Image ID: 213 has been offloaded.
[Jan 17 15:46:16] Image ID: 213 has been offloaded.
[Jan 17 15:46:18] Image ID: 212 has upload error.
[Jan 17 15:46:19] Image ID: 212 has been offloaded.
[Jan 17 15:46:22] Image ID: 211 has been offloaded.
[Jan 17 15:46:22] Image ID: 211 has been offloaded.
[Jan 17 15:46:24] ==========
[Jan 17 15:46:24] Started with a total count of 193.
[Jan 17 15:46:24] ==========
[Jan 17 15:46:25] Started with a total count of 193.
[Jan 17 15:46:25] Image ID: 210 has been offloaded.
[Jan 17 15:46:25] Image ID: 210 has been offloaded.
[Jan 17 15:46:28] Image ID: 209 has been offloaded.
[Jan 17 15:46:28] Image ID: 209 has been offloaded.
[Jan 17 15:46:31] Image ID: 208 has been offloaded.
[Jan 17 15:46:31] Image ID: 208 has been offloaded.
[Jan 17 15:46:35] ==========
[Jan 17 15:46:35] Image ID: 207 has been offloaded.
[Jan 17 15:46:35] Started with a total count of 190.
[Jan 17 15:46:35] Image ID: 207 has been offloaded.
[Jan 17 15:46:36] ==========
[Jan 17 15:46:36] Started with a total count of 189.
[Jan 17 15:46:37] Image ID: 206 has upload error.
[Jan 17 15:46:38] Image ID: 206 has been offloaded.
[Jan 17 15:46:41] Image ID: 205 has been offloaded.
[Jan 17 15:46:46] ==========
[Jan 17 15:46:46] Started with a total count of 187.
[Jan 17 15:46:46] ==========
[Jan 17 15:46:47] Image ID: 204 has been offloaded.
[Jan 17 15:46:47] Started with a total count of 187.
[Jan 17 15:46:50] Image ID: 203 has been offloaded.
[Jan 17 15:46:54] Image ID: 202 has been offloaded.
[Jan 17 15:46:57] ==========
[Jan 17 15:46:57] Image ID: 201 has been offloaded.
[Jan 17 15:46:57] Started with a total count of 184.
[Jan 17 15:46:58] ==========
[Jan 17 15:46:58] Started with a total count of 183.
[Jan 17 15:46:58] ==========
[Jan 17 15:46:59] Started with a total count of 183.
[Jan 17 15:47:00] Image ID: 200 has been offloaded.
[Jan 17 15:47:01] Image ID: 200 has been offloaded.
[Jan 17 15:47:03] Image ID: 199 has been offloaded.
[Jan 17 15:47:03] Image ID: 199 has been offloaded.
[Jan 17 15:47:06] Image ID: 198 has been offloaded.
[Jan 17 15:47:06] Image ID: 198 has been offloaded.
[Jan 17 15:47:08] ==========
[Jan 17 15:47:09] Started with a total count of 180.
[Jan 17 15:47:09] Image ID: 196 has been offloaded.
[Jan 17 15:47:09] Image ID: 196 has been offloaded.
[Jan 17 15:47:10] ==========
[Jan 17 15:47:10] Started with a total count of 179.
[Jan 17 15:47:11] Image ID: 195 has upload error.
[Jan 17 15:47:13] Image ID: 195 has been offloaded.
[Jan 17 15:47:14] Image ID: 194 has been offloaded.
[Jan 17 15:47:14] Image ID: 194 file is missing or unreadable.
[Jan 17 15:47:17] Image ID: 193 has been offloaded.
[Jan 17 15:47:17] Image ID: 193 has been offloaded.
[Jan 17 15:47:19] Image ID: 192 has been offloaded.
[Jan 17 15:47:19] Image ID: 192 has been offloaded.
[Jan 17 15:47:20] ==========
[Jan 17 15:47:20] Started with a total count of 175.
[Jan 17 15:47:21] ==========
[Jan 17 15:47:21] Started with a total count of 175.
[Jan 17 15:47:21] Image ID: 191 has upload error.
[Jan 17 15:47:23] Image ID: 191 has been offloaded.
[Jan 17 15:47:25] Image ID: 190 has been offloaded.
[Jan 17 15:47:25] Image ID: 190 has been offloaded.
[Jan 17 15:47:29] Image ID: 189 has been offloaded.
[Jan 17 15:47:29] Image ID: 189 has been offloaded.
[Jan 17 15:47:31] ==========
[Jan 17 15:47:31] Started with a total count of 172.
[Jan 17 15:47:32] ==========
[Jan 17 15:47:32] Started with a total count of 172.
[Jan 17 15:47:32] Image ID: 188 has been offloaded.
[Jan 17 15:47:32] Image ID: 188 has been offloaded.
[Jan 17 15:47:36] Image ID: 187 has been offloaded.
[Jan 17 15:47:36] Image ID: 187 has been offloaded.
[Jan 17 15:47:39] Image ID: 186 has been offloaded.
[Jan 17 15:47:39] Image ID: 186 has been offloaded.
[Jan 17 15:47:42] ==========
[Jan 17 15:47:42] Started with a total count of 169.
[Jan 17 15:47:42] Image ID: 185 has been offloaded.
[Jan 17 15:47:42] Image ID: 185 has been offloaded.
[Jan 17 15:47:43] ==========
[Jan 17 15:47:43] Started with a total count of 168.
[Jan 17 15:47:45] Image ID: 184 has been offloaded.
[Jan 17 15:47:45] Image ID: 184 has been offloaded.
[Jan 17 15:47:48] Image ID: 183 has been offloaded.
[Jan 17 15:47:48] Image ID: 183 has been offloaded.
[Jan 17 15:47:51] Image ID: 182 has been offloaded.
[Jan 17 15:47:51] Image ID: 182 has been offloaded.
[Jan 17 15:47:52] ==========
[Jan 17 15:47:53] Started with a total count of 165.
[Jan 17 15:47:53] ==========
[Jan 17 15:47:54] Image ID: 181 has been offloaded.
[Jan 17 15:47:54] Image ID: 181 has been offloaded.
[Jan 17 15:47:54] Started with a total count of 165.
[Jan 17 15:47:56] Image ID: 180 has been offloaded.
[Jan 17 15:47:59] Image ID: 178 has been offloaded.
[Jan 17 15:48:01] ==========
[Jan 17 15:48:01] Started with a total count of 162.
[Jan 17 15:48:02] ==========
[Jan 17 15:48:02] Image ID: 177 has been offloaded.
[Jan 17 15:48:02] Started with a total count of 162.
[Jan 17 15:48:04] ==========
[Jan 17 15:48:04] Started with a total count of 161.
[Jan 17 15:48:05] ==========
[Jan 17 15:48:05] Image ID: 176 has been offloaded.
[Jan 17 15:48:05] Image ID: 176 has been offloaded.
[Jan 17 15:48:05] Started with a total count of 161.
[Jan 17 15:48:08] Image ID: 175 has been offloaded.
[Jan 17 15:48:08] Image ID: 175 has been offloaded.
[Jan 17 15:48:10] Image ID: 174 has been offloaded.
[Jan 17 15:48:10] Image ID: 174 has been offloaded.
[Jan 17 15:48:13] Image ID: 173 has been offloaded.
[Jan 17 15:48:13] Image ID: 173 has been offloaded.
[Jan 17 15:48:15] ==========
[Jan 17 15:48:15] Started with a total count of 157.
[Jan 17 15:48:15] Image ID: 172 has been offloaded.
[Jan 17 15:48:15] Image ID: 172 has been offloaded.
[Jan 17 15:48:16] ==========
[Jan 17 15:48:16] Started with a total count of 156.
[Jan 17 15:48:18] Image ID: 171 has been offloaded.
[Jan 17 15:48:18] Image ID: 171 has been offloaded.
[Jan 17 15:48:21] Image ID: 170 has been offloaded.
[Jan 17 15:48:21] Image ID: 170 has been offloaded.
[Jan 17 15:48:25] Image ID: 169 has been offloaded.
[Jan 17 15:48:25] Image ID: 169 has been offloaded.
[Jan 17 15:48:26] ==========
[Jan 17 15:48:26] Started with a total count of 153.
[Jan 17 15:48:27] ==========
[Jan 17 15:48:27] Started with a total count of 153.
[Jan 17 15:48:28] Image ID: 168 has been offloaded.
[Jan 17 15:48:28] Image ID: 168 has been offloaded.
[Jan 17 15:48:31] Image ID: 167 has been offloaded.
[Jan 17 15:48:31] Image ID: 167 has been offloaded.
[Jan 17 15:48:34] Image ID: 166 has been offloaded.
[Jan 17 15:48:34] Image ID: 166 has been offloaded.
[Jan 17 15:48:37] ==========
[Jan 17 15:48:37] Started with a total count of 150.
[Jan 17 15:48:37] ==========
[Jan 17 15:48:38] Image ID: 165 has been offloaded.
[Jan 17 15:48:38] Image ID: 165 has been offloaded.
[Jan 17 15:48:38] Started with a total count of 150.
[Jan 17 15:48:40] Image ID: 164 has been offloaded.
[Jan 17 15:48:40] Image ID: 164 has been offloaded.
[Jan 17 15:48:42] Image ID: 163 has upload error.
[Jan 17 15:48:43] Image ID: 163 has been offloaded.
[Jan 17 15:48:45] Image ID: 161 has been offloaded.
[Jan 17 15:48:45] Image ID: 161 has been offloaded.
[Jan 17 15:48:48] ==========
[Jan 17 15:48:48] Image ID: 162 has been offloaded.
[Jan 17 15:48:48] Image ID: 162 has been offloaded.
[Jan 17 15:48:48] Started with a total count of 146.
[Jan 17 15:48:48] ==========
[Jan 17 15:48:49] Started with a total count of 145.
[Jan 17 15:48:51] Image ID: 159 has been offloaded.
[Jan 17 15:48:51] Image ID: 159 has been offloaded.
[Jan 17 15:48:55] Image ID: 158 has been offloaded.
[Jan 17 15:48:55] Image ID: 158 has been offloaded.
[Jan 17 15:48:58] Image ID: 157 has been offloaded.
[Jan 17 15:48:58] ==========
[Jan 17 15:48:59] Started with a total count of 142.
[Jan 17 15:48:59] ==========
[Jan 17 15:49:00] Started with a total count of 142.
[Jan 17 15:49:02] Image ID: 156 has been offloaded.
[Jan 17 15:49:06] Image ID: 155 has been offloaded.
[Jan 17 15:49:09] Image ID: 154 has been offloaded.
[Jan 17 15:49:10] ==========
[Jan 17 15:49:10] Started with a total count of 139.
[Jan 17 15:49:10] ==========
[Jan 17 15:49:11] Started with a total count of 139.
[Jan 17 15:49:11] ==========
[Jan 17 15:49:12] Started with a total count of 139.
[Jan 17 15:49:13] Image ID: 153 has been offloaded.
[Jan 17 15:49:13] Image ID: 153 has been offloaded.
[Jan 17 15:49:16] Image ID: 152 has been offloaded.
[Jan 17 15:49:16] Image ID: 152 has been offloaded.
[Jan 17 15:49:20] Image ID: 151 has been offloaded.
[Jan 17 15:49:20] Image ID: 151 has been offloaded.
[Jan 17 15:49:22] ==========
[Jan 17 15:49:22] Started with a total count of 136.
[Jan 17 15:49:23] ==========
[Jan 17 15:49:23] Started with a total count of 136.
[Jan 17 15:49:24] Image ID: 150 has been offloaded.
[Jan 17 15:49:24] Image ID: 150 has been offloaded.
[Jan 17 15:49:27] Image ID: 149 has been offloaded.
[Jan 17 15:49:27] Image ID: 149 has been offloaded.
[Jan 17 15:49:29] Image ID: 148 has upload error.
[Jan 17 15:49:31] Image ID: 148 has been offloaded.
[Jan 17 15:49:32] Image ID: 147 has been offloaded.
[Jan 17 15:49:33] ==========
[Jan 17 15:49:33] Image ID: 147 has been offloaded.
[Jan 17 15:49:33] Started with a total count of 132.
[Jan 17 15:49:34] ==========
[Jan 17 15:49:34] Started with a total count of 132.
[Jan 17 15:49:35] Image ID: 146 has been offloaded.
[Jan 17 15:49:35] Image ID: 146 has been offloaded.
[Jan 17 15:49:37] Image ID: 145 has upload error.
[Jan 17 15:49:38] Image ID: 145 has been offloaded.
[Jan 17 15:49:40] Image ID: 143 has been offloaded.
[Jan 17 15:49:40] Image ID: 143 has been offloaded.
[Jan 17 15:49:43] Image ID: 144 has been offloaded.
[Jan 17 15:49:43] Image ID: 144 has been offloaded.
[Jan 17 15:49:43] ==========
[Jan 17 15:49:44] Started with a total count of 128.
[Jan 17 15:49:44] ==========
[Jan 17 15:49:45] Started with a total count of 128.
[Jan 17 15:49:47] Image ID: 141 has been offloaded.
[Jan 17 15:49:47] Image ID: 141 has been offloaded.
[Jan 17 15:49:49] Image ID: 140 has been offloaded.
[Jan 17 15:49:49] Image ID: 140 has been offloaded.
[Jan 17 15:49:51] Image ID: 139 has upload error.
[Jan 17 15:49:53] Image ID: 139 has been offloaded.
[Jan 17 15:49:55] ==========
[Jan 17 15:49:55] Image ID: 138 has been offloaded.
[Jan 17 15:49:55] Image ID: 138 has been offloaded.
[Jan 17 15:49:55] Started with a total count of 125.
[Jan 17 15:49:56] ==========
[Jan 17 15:49:56] Started with a total count of 124.
[Jan 17 15:49:57] Image ID: 137 has upload error.
[Jan 17 15:49:58] Image ID: 137 has been offloaded.
[Jan 17 15:49:59] Image ID: 136 has been offloaded.
[Jan 17 15:50:00] Image ID: 136 has been offloaded.
[Jan 17 15:50:01] ==========
[Jan 17 15:50:01] Started with a total count of 122.
[Jan 17 15:50:02] Image ID: 135 has been offloaded.
[Jan 17 15:50:03] Image ID: 135 has been offloaded.
[Jan 17 15:50:06] ==========
[Jan 17 15:50:06] Started with a total count of 121.
[Jan 17 15:50:06] Image ID: 134 has been offloaded.
[Jan 17 15:50:07] ==========
[Jan 17 15:50:07] Started with a total count of 120.
[Jan 17 15:50:09] Image ID: 132 has been offloaded.
[Jan 17 15:50:14] Image ID: 131 has been offloaded.
[Jan 17 15:50:17] ==========
[Jan 17 15:50:17] Started with a total count of 118.
[Jan 17 15:50:17] ==========
[Jan 17 15:50:18] Started with a total count of 118.
[Jan 17 15:50:18] Image ID: 130 has been offloaded.
[Jan 17 15:50:19] ==========
[Jan 17 15:50:19] Started with a total count of 117.
[Jan 17 15:50:21] Image ID: 129 has been offloaded.
[Jan 17 15:50:21] Image ID: 129 has been offloaded.
[Jan 17 15:50:24] Image ID: 128 has been offloaded.
[Jan 17 15:50:24] Image ID: 128 has been offloaded.
[Jan 17 15:50:27] Image ID: 127 has been offloaded.
[Jan 17 15:50:27] Image ID: 127 has been offloaded.
[Jan 17 15:50:28] ==========
[Jan 17 15:50:29] Started with a total count of 114.
[Jan 17 15:50:29] ==========
[Jan 17 15:50:30] Started with a total count of 114.
[Jan 17 15:50:31] Image ID: 126 has been offloaded.
[Jan 17 15:50:31] Image ID: 126 has been offloaded.
[Jan 17 15:50:33] Image ID: 125 has been offloaded.
[Jan 17 15:50:33] Image ID: 125 has been offloaded.
[Jan 17 15:50:37] Image ID: 124 has been offloaded.
[Jan 17 15:50:37] Image ID: 124 has been offloaded.
[Jan 17 15:50:40] ==========
[Jan 17 15:50:40] Started with a total count of 111.
[Jan 17 15:50:40] Image ID: 123 has been offloaded.
[Jan 17 15:50:41] Image ID: 123 has been offloaded.
[Jan 17 15:50:41] ==========
[Jan 17 15:50:41] Started with a total count of 111.
[Jan 17 15:50:44] Image ID: 122 has been offloaded.
[Jan 17 15:50:44] Image ID: 122 has been offloaded.
[Jan 17 15:50:47] Image ID: 121 has been offloaded.
[Jan 17 15:50:47] Image ID: 121 has been offloaded.
[Jan 17 15:50:50] Image ID: 120 has been offloaded.
[Jan 17 15:50:50] Image ID: 120 has been offloaded.
[Jan 17 15:50:50] ==========
[Jan 17 15:50:51] Started with a total count of 107.
[Jan 17 15:50:51] ==========
[Jan 17 15:50:52] Started with a total count of 107.
[Jan 17 15:50:53] Image ID: 119 has been offloaded.
[Jan 17 15:50:53] Image ID: 119 has been offloaded.
[Jan 17 15:50:55] Image ID: 118 has been offloaded.
[Jan 17 15:50:55] Image ID: 118 has been offloaded.
[Jan 17 15:50:57] Image ID: 116 has upload error.
[Jan 17 15:50:59] Image ID: 116 has been offloaded.
[Jan 17 15:51:00] Image ID: 115 has been offloaded.
[Jan 17 15:51:01] Image ID: 115 has been offloaded.
[Jan 17 15:51:02] ==========
[Jan 17 15:51:02] Started with a total count of 103.
[Jan 17 15:51:02] ==========
[Jan 17 15:51:03] Started with a total count of 103.
[Jan 17 15:51:03] Image ID: 114 has been offloaded.
[Jan 17 15:51:03] Image ID: 114 has been offloaded.
[Jan 17 15:51:06] Image ID: 113 has been offloaded.
[Jan 17 15:51:06] Image ID: 113 has been offloaded.
[Jan 17 15:51:07] Image ID: 111 has an issue.
[Jan 17 15:51:10] Image ID: 112 has been offloaded.
[Jan 17 15:51:12] ==========
[Jan 17 15:51:13] Started with a total count of 99.
[Jan 17 15:51:13] Image ID: 111 has been offloaded.
[Jan 17 15:51:13] ==========
[Jan 17 15:51:14] Started with a total count of 99.
[Jan 17 15:51:14] Image ID: 110 has an issue.
[Jan 17 15:51:15] Image ID: 109 has an issue.
[Jan 17 15:51:16] Image ID: 108 has an issue.
[Jan 17 15:51:20] Image ID: 107 has been offloaded.
[Jan 17 15:51:23] Image ID: 103 has been offloaded.
[Jan 17 15:51:23] ==========
[Jan 17 15:51:24] Started with a total count of 95.
[Jan 17 15:51:24] ==========
[Jan 17 15:51:25] Started with a total count of 94.
[Jan 17 15:51:25] ==========
[Jan 17 15:51:26] Started with a total count of 94.
[Jan 17 15:51:27] Image ID: 104 has been offloaded.
[Jan 17 15:51:27] Image ID: 104 has been offloaded.
[Jan 17 15:51:30] Image ID: 105 has been offloaded.
[Jan 17 15:51:30] Image ID: 105 has been offloaded.
[Jan 17 15:51:34] Image ID: 102 has been offloaded.
[Jan 17 15:51:34] Image ID: 102 has been offloaded.
[Jan 17 15:51:35] Image ID: 101 has an issue.
[Jan 17 15:51:35] Image ID: 101 has an issue.
[Jan 17 15:51:35] ==========
[Jan 17 15:51:36] Started with a total count of 90.
[Jan 17 15:51:36] ==========
[Jan 17 15:51:37] Started with a total count of 90.
[Jan 17 15:51:39] Image ID: 100 has been offloaded.
[Jan 17 15:51:39] Image ID: 100 has been offloaded.
[Jan 17 15:51:42] Image ID: 99 has been offloaded.
[Jan 17 15:51:42] Image ID: 99 has been offloaded.
[Jan 17 15:51:45] Image ID: 98 has been offloaded.
[Jan 17 15:51:45] Image ID: 98 has been offloaded.
[Jan 17 15:51:46] ==========
[Jan 17 15:51:47] Started with a total count of 87.
[Jan 17 15:51:47] ==========
[Jan 17 15:51:48] Image ID: 97 has been offloaded.
[Jan 17 15:51:48] Started with a total count of 87.
[Jan 17 15:51:48] Image ID: 97 has been offloaded.
[Jan 17 15:51:51] Image ID: 96 has been offloaded.
[Jan 17 15:51:51] Image ID: 96 has been offloaded.
[Jan 17 15:51:53] Image ID: 95 has upload error.
[Jan 17 15:51:54] Image ID: 95 has been offloaded.
[Jan 17 15:51:54] Image ID: 94 has an issue.
[Jan 17 15:51:56] Image ID: 93 has an issue.
[Jan 17 15:51:56] Image ID: 92 has an issue.
[Jan 17 15:51:57] Image ID: 94 has been offloaded.
[Jan 17 15:51:58] ==========
[Jan 17 15:51:58] Started with a total count of 81.
[Jan 17 15:51:58] ==========
[Jan 17 15:51:59] Started with a total count of 81.
[Jan 17 15:51:59] Image ID: 91 has been offloaded.
[Jan 17 15:52:00] Image ID: 93 has been offloaded.
[Jan 17 15:52:01] ==========
[Jan 17 15:52:01] Started with a total count of 80.
[Jan 17 15:52:02] Image ID: 92 has been offloaded.
[Jan 17 15:52:03] Image ID: 90 file is missing or unreadable.
[Jan 17 15:52:03] Image ID: 90 has been offloaded.
[Jan 17 15:52:06] Image ID: 89 has been offloaded.
[Jan 17 15:52:06] Image ID: 89 has been offloaded.
[Jan 17 15:52:08] ==========
[Jan 17 15:52:09] Started with a total count of 78.
[Jan 17 15:52:09] ==========
[Jan 17 15:52:10] Started with a total count of 78.
[Jan 17 15:52:10] Image ID: 88 has been offloaded.
[Jan 17 15:52:13] Image ID: 87 has been offloaded.
[Jan 17 15:52:14] Image ID: 86 has an issue.
[Jan 17 15:52:15] Image ID: 85 has an issue.
[Jan 17 15:52:19] Image ID: 84 has been offloaded.
[Jan 17 15:52:19] ==========
[Jan 17 15:52:20] Started with a total count of 73.
[Jan 17 15:52:20] ==========
[Jan 17 15:52:21] Started with a total count of 73.
[Jan 17 15:52:22] Image ID: 83 has been offloaded.
[Jan 17 15:52:26] Image ID: 82 has been offloaded.
[Jan 17 15:52:30] ==========
[Jan 17 15:52:30] Image ID: 81 has been offloaded.
[Jan 17 15:52:31] Started with a total count of 71.
[Jan 17 15:52:31] ==========
[Jan 17 15:52:32] Started with a total count of 70.
[Jan 17 15:52:32] ==========
[Jan 17 15:52:33] Started with a total count of 70.
[Jan 17 15:52:33] Image ID: 80 has been offloaded.
[Jan 17 15:52:34] Image ID: 80 has been offloaded.
[Jan 17 15:52:37] Image ID: 79 has been offloaded.
[Jan 17 15:52:37] Image ID: 79 has been offloaded.
[Jan 17 15:52:41] Image ID: 78 has been offloaded.
[Jan 17 15:52:41] Image ID: 78 has been offloaded.
[Jan 17 15:52:42] ==========
[Jan 17 15:52:43] Started with a total count of 67.
[Jan 17 15:52:43] ==========
[Jan 17 15:52:44] Started with a total count of 67.
[Jan 17 15:52:44] Image ID: 77 has been offloaded.
[Jan 17 15:52:45] Image ID: 77 has been offloaded.
[Jan 17 15:52:48] Image ID: 76 has been offloaded.
[Jan 17 15:52:48] Image ID: 76 has been offloaded.
[Jan 17 15:52:49] Image ID: 75 has an issue.
[Jan 17 15:52:50] Image ID: 75 has an issue.
[Jan 17 15:52:50] Image ID: 74 has an issue.
[Jan 17 15:52:51] Image ID: 73 has an issue.
[Jan 17 15:52:52] Image ID: 74 has been offloaded.
[Jan 17 15:52:53] Image ID: 71 has an issue.
[Jan 17 15:52:53] ==========
[Jan 17 15:52:54] Started with a total count of 61.
[Jan 17 15:52:54] ==========
[Jan 17 15:52:55] Started with a total count of 61.
[Jan 17 15:52:55] Image ID: 72 has been offloaded.
[Jan 17 15:52:56] Image ID: 72 has been offloaded.
[Jan 17 15:52:58] Image ID: 71 has been offloaded.
[Jan 17 15:52:58] Image ID: 73 has been offloaded.
[Jan 17 15:52:59] Image ID: 69 has an issue.
[Jan 17 15:53:01] Image ID: 69 has been offloaded.
[Jan 17 15:53:03] Image ID: 68 has been offloaded.
[Jan 17 15:53:03] Image ID: 68 has been offloaded.
[Jan 17 15:53:04] ==========
[Jan 17 15:53:05] Started with a total count of 58.
[Jan 17 15:53:05] ==========
[Jan 17 15:53:06] Started with a total count of 58.
[Jan 17 15:53:06] Image ID: 67 has been offloaded.
[Jan 17 15:53:06] Image ID: 67 has been offloaded.
[Jan 17 15:53:09] Image ID: 66 has been offloaded.
[Jan 17 15:53:13] Image ID: 65 has been offloaded.
[Jan 17 15:53:15] ==========
[Jan 17 15:53:16] Started with a total count of 55.
[Jan 17 15:53:16] ==========
[Jan 17 15:53:16] Image ID: 64 has been offloaded.
[Jan 17 15:53:17] Started with a total count of 55.
[Jan 17 15:53:20] Image ID: 63 has been offloaded.
[Jan 17 15:53:23] Image ID: 62 has been offloaded.
[Jan 17 15:53:26] Image ID: 61 has been offloaded.
[Jan 17 15:53:27] ==========
[Jan 17 15:53:27] Started with a total count of 51.
[Jan 17 15:53:27] ==========
[Jan 17 15:53:28] Started with a total count of 51.
[Jan 17 15:53:30] Image ID: 60 has been offloaded.
[Jan 17 15:53:33] Image ID: 59 has been offloaded.
[Jan 17 15:53:36] Image ID: 58 has been offloaded.
[Jan 17 15:53:38] ==========
[Jan 17 15:53:38] Started with a total count of 48.
[Jan 17 15:53:38] ==========
[Jan 17 15:53:39] Started with a total count of 48.
[Jan 17 15:53:39] ==========
[Jan 17 15:53:40] Image ID: 57 has been offloaded.
[Jan 17 15:53:40] Started with a total count of 48.
[Jan 17 15:53:41] Image ID: 56 has an issue.
[Jan 17 15:53:41] Image ID: 57 has been offloaded.
[Jan 17 15:53:42] Image ID: 55 has an issue.
[Jan 17 15:53:43] Image ID: 53 has an issue.
[Jan 17 15:53:43] Image ID: 56 has been offloaded.
[Jan 17 15:53:44] Image ID: 54 has an issue.
[Jan 17 15:53:46] Image ID: 55 has been offloaded.
[Jan 17 15:53:47] Image ID: 52 has been offloaded.
[Jan 17 15:53:49] Image ID: 53 has been offloaded.
[Jan 17 15:53:49] ==========
[Jan 17 15:53:50] Started with a total count of 42.
[Jan 17 15:53:50] ==========
[Jan 17 15:53:51] Started with a total count of 42.
[Jan 17 15:53:51] Image ID: 54 has been offloaded.
[Jan 17 15:53:51] Image ID: 50 has been offloaded.
[Jan 17 15:53:52] Image ID: 50 has missing file.
[Jan 17 15:53:54] Image ID: 49 has been offloaded.
[Jan 17 15:53:54] Image ID: 49 has been offloaded.
[Jan 17 15:53:58] Image ID: 48 has been offloaded.
[Jan 17 15:53:58] Image ID: 48 has been offloaded.
[Jan 17 15:54:00] ==========
[Jan 17 15:54:01] Started with a total count of 39.
[Jan 17 15:54:01] ==========
[Jan 17 15:54:01] ==========
[Jan 17 15:54:01] Image ID: 47 has been offloaded.
[Jan 17 15:54:01] Image ID: 47 has been offloaded.
[Jan 17 15:54:01] Started with a total count of 39.
[Jan 17 15:54:02] Started with a total count of 39.
[Jan 17 15:54:05] Image ID: 46 has been offloaded.
[Jan 17 15:54:05] Image ID: 46 has been offloaded.
[Jan 17 15:54:08] Image ID: 45 has been offloaded.
[Jan 17 15:54:11] Image ID: 44 has been offloaded.
[Jan 17 15:54:11] ==========
[Jan 17 15:54:12] Started with a total count of 35.
[Jan 17 15:54:12] ==========
[Jan 17 15:54:13] Started with a total count of 35.
[Jan 17 15:54:14] Image ID: 43 has been offloaded.
[Jan 17 15:54:15] Image ID: 42 has an issue.
[Jan 17 15:54:16] Image ID: 41 has an issue.
[Jan 17 15:54:18] Image ID: 40 has an issue.
[Jan 17 15:54:19] Image ID: 39 has an issue.
[Jan 17 15:54:22] ==========
[Jan 17 15:54:23] Started with a total count of 30.
[Jan 17 15:54:23] Image ID: 37 has been offloaded.
[Jan 17 15:54:23] ==========
[Jan 17 15:54:24] Started with a total count of 29.
[Jan 17 15:54:26] Image ID: 36 has been offloaded.
[Jan 17 15:54:29] Image ID: 35 has been offloaded.
[Jan 17 15:54:33] Image ID: 34 has been offloaded.
[Jan 17 15:54:33] ==========
[Jan 17 15:54:34] Started with a total count of 26.
[Jan 17 15:54:34] ==========
[Jan 17 15:54:34] Started with a total count of 26.
[Jan 17 15:54:37] Image ID: 33 has been offloaded.
[Jan 17 15:54:40] Image ID: 32 has been offloaded.
[Jan 17 15:54:43] Image ID: 31 has been offloaded.
[Jan 17 15:54:44] ==========
[Jan 17 15:54:44] Started with a total count of 23.
[Jan 17 15:54:45] ==========
[Jan 17 15:54:45] Started with a total count of 23.
[Jan 17 15:54:46] ==========
[Jan 17 15:54:46] Started with a total count of 23.
[Jan 17 15:54:47] Image ID: 30 has been offloaded.
[Jan 17 15:54:47] Image ID: 30 has been offloaded.
[Jan 17 15:54:50] Image ID: 29 has been offloaded.
[Jan 17 15:54:50] Image ID: 29 has been offloaded.
[Jan 17 15:54:54] Image ID: 28 has been offloaded.
[Jan 17 15:54:54] Image ID: 28 has been offloaded.
[Jan 17 15:54:56] ==========
[Jan 17 15:54:57] Started with a total count of 20.
[Jan 17 15:54:57] ==========
[Jan 17 15:54:58] Started with a total count of 20.
[Jan 17 15:54:58] Image ID: 27 has been offloaded.
[Jan 17 15:54:58] Image ID: 27 has been offloaded.
[Jan 17 15:54:59] Image ID: 26 has an issue.
[Jan 17 15:54:59] Image ID: 26 has an issue.
[Jan 17 15:55:03] Image ID: 25 has been offloaded.
[Jan 17 15:55:03] Image ID: 25 has been offloaded.
[Jan 17 15:55:04] Image ID: 24 has an issue.
[Jan 17 15:55:05] Image ID: 23 has an issue.
[Jan 17 15:55:06] Image ID: 21 has an issue.
[Jan 17 15:55:07] Image ID: 22 has an issue.
[Jan 17 15:55:07] ==========
[Jan 17 15:55:08] Started with a total count of 13.
[Jan 17 15:55:08] ==========
[Jan 17 15:55:08] Started with a total count of 13.
[Jan 17 15:55:11] Image ID: 19 has been offloaded.
[Jan 17 15:55:14] Image ID: 18 has been offloaded.
[Jan 17 15:55:18] Image ID: 17 has been offloaded.
[Jan 17 15:55:18] ==========
[Jan 17 15:55:19] Started with a total count of 10.
[Jan 17 15:55:19] ==========
[Jan 17 15:55:19] Started with a total count of 10.
[Jan 17 15:55:22] Image ID: 16 has been offloaded.
[Jan 17 15:55:25] Image ID: 15 has been offloaded.
[Jan 17 15:55:29] Image ID: 14 has been offloaded.
[Jan 17 15:55:29] ==========
[Jan 17 15:55:29] Started with a total count of 7.
[Jan 17 15:55:30] ==========
[Jan 17 15:55:30] Started with a total count of 7.
[Jan 17 15:55:33] Image ID: 13 has been offloaded.
[Jan 17 15:55:36] Image ID: 12 has been offloaded.
[Jan 17 15:55:40] Image ID: 11 has been offloaded.
[Jan 17 15:55:40] ==========
[Jan 17 15:55:40] Started with a total count of 4.
[Jan 17 15:55:41] ==========
[Jan 17 15:55:41] Started with a total count of 4.
[Jan 17 15:55:43] Image ID: 10 has been offloaded.
[Jan 17 15:55:47] Image ID: 9 has been offloaded.
[Jan 17 15:55:50] Image ID: 8 has been offloaded.
[Jan 17 15:55:51] ==========
[Jan 17 15:55:51] Started with a total count of 1.
[Jan 17 15:55:52] ==========
[Jan 17 15:55:52] Started with a total count of 1.
[Jan 17 15:55:53] ==========
[Jan 17 15:55:53] Started with a total count of 1.
[Jan 17 15:55:53] Image ID: 7 has been offloaded.
[Jan 17 15:55:54] Image ID: 7 has an issue.
[Jan 17 15:56:03] ==========
[Jan 17 15:56:03] Started with a total count of 0.
